✅ DB initialized

📅 스케줄 등록 완료:
  • 매일 데이터 수집 → cron[hour='6', minute='0']
  • 🇺🇸 미국 쇼츠 생성 → cron[hour='6', minute='30']
  • 매일 리포트 발송 → cron[hour='7', minute='0']
  • 🇺🇸 미국 쇼츠 전송 → cron[hour='7', minute='1']
  • 랜딩 데이터 갱신 → cron[hour='7', minute='10']
  • 🇰🇷 한국 종목 재수집 → cron[hour='16', minute='20']
  • 🇰🇷 한국 쇼츠 생성 → cron[hour='16', minute='30']
  • 🇰🇷 한국 쇼츠 전송 → cron[hour='17', minute='0']

🤖 주읽이 봇 + 스케줄러 실행 중!
   봇: 텔레그램 폴링
   스케줄: 06:00 수집 / 07:00 발송 (KST)


==================================================
⏰ [06:00:00] 데이터 수집 시작
==================================================
🔄 30개 종목 데이터 수집 시작

  📊 KB금융 (105560) 수집 중...
  ✅ KB금융 | 138,700 (-5.90%) | RSI: 40.6
  📊 KODEX 200 (069500) 수집 중...
  ✅ KODEX 200 | 76,460 (-8.50%) | RSI: 44.8
  📊 KODEX 레버리지 (122630) 수집 중...
  ✅ KODEX 레버리지 | 68,422 (-18.55%) | RSI: 41.2
  📊 LG에너지솔루션 (373220) 수집 중...
  ✅ LG에너지솔루션 | 355,000 (-5.96%) | RSI: 39.3
  📊 NAVER (035420) 수집 중...
  ✅ NAVER | 210,500 (-5.39%) | RSI: 32.1
  📊 SK하이닉스 (000660) 수집 중...
  ✅ SK하이닉스 | 827,000 (-10.50%) | RSI: 44.8
  📊 TIGER 미국S&P500 (360750) 수집 중...
  ✅ TIGER 미국S&P500 | 24,475 (-2.26%) | RSI: 41.4
  📊 삼성SDI (006400) 수집 중...
  ✅ 삼성SDI | 376,000 (-8.40%) | RSI: 48.3
  📊 삼성바이오로직스 (207940) 수집 중...
  ✅ 삼성바이오로직스 | 1,558,000 (-5.23%) | RSI: 36.7
  📊 삼성전자 (005930) 수집 중...
  ✅ 삼성전자 | 170,200 (-9.56%) | RSI: 46.8
  📊 셀트리온 (068270) 수집 중...
  ✅ 셀트리온 | 200,500 (-5.65%) | RSI: 38.2
  📊 에코프로비엠 (247540) 수집 중...
  ✅ 에코프로비엠 | 193,800 (-4.30%) | RSI: 48.1
  📊 카카오 (035720) 수집 중...
  ✅ 카카오 | 49,100 (-8.40%) | RSI: 37.3
  📊 현대모비스 (012330) 수집 중...
  ✅ 현대모비스 | 395,000 (-11.04%) | RSI: 41.6
  📊 현대차 (005380) 수집 중...
  ✅ 현대차 | 500,000 (-9.58%) | RSI: 48.3
  📊 AMD (AMD) 수집 중...
  ✅ AMD | 203.23 (+0.27%) | RSI: 47.3
  📊 JP모건 (JPM) 수집 중...
  ✅ JP모건 | 288.73 (-0.41%) | RSI: 35.3
  📊 S&P 500 ETF (SPY) 수집 중...
  ✅ S&P 500 ETF | 677.18 (-0.16%) | RSI: 43.2
  📊 구글 (GOOGL) 수집 중...
  ✅ 구글 | 307.04 (+0.22%) | RSI: 45.1
  📊 넷플릭스 (NFLX) 수집 중...
  ✅ 넷플릭스 | 96.94 (-1.40%) | RSI: 68.2
  📊 마이크로소프트 (MSFT) 수집 중...
  ✅ 마이크로소프트 | 405.76 (-0.89%) | RSI: 45.3
  📊 메타 (META) 수집 중...
  ✅ 메타 | 654.07 (+1.03%) | RSI: 49.6
  📊 비자 (V) 수집 중...
  ✅ 비자 | 314.43 (-0.49%) | RSI: 40.7
  📊 아마존 (AMZN) 수집 중...
  ✅ 아마존 | 214.33 (+0.39%) | RSI: 48.8
  📊 애플 (AAPL) 수집 중...
  ✅ 애플 | 260.83 (+0.37%) | RSI: 45.3
  📊 엔비디아 (NVDA) 수집 중...
  ✅ 엔비디아 | 184.77 (+1.16%) | RSI: 50.1
  📊 인텔 (INTC) 수집 중...
  ✅ 인텔 | 46.78 (+2.63%) | RSI: 53.0
  📊 코스트코 (COST) 수집 중...
  ✅ 코스트코 | 997.36 (-0.79%) | RSI: 53.8
  📊 테슬라 (TSLA) 수집 중...
  ✅ 테슬라 | 399.235 (+0.14%) | RSI: 42.4
  📊 팔란티어 (PLTR) 수집 중...
  ✅ 팔란티어 | 151.14 (-3.38%) | RSI: 53.9

✅ 수집 완료: 30/30개 종목
✅ 수집 완료: 30개 종목

==================================================
⏰ [06:30:00] 🇺🇸 미국 쇼츠 생성 시작
==================================================
✅ 미국 쇼츠 완료: /Users/yunjae/stockread/backend/data/shorts/short_2026-03-11_us.mp4

==================================================
⏰ [07:00:00] 리포트 생성 + 발송 시작
==================================================
📊 [1/3] 데이터 수집 시작...
🔄 30개 종목 데이터 수집 시작

  📊 KB금융 (105560) 수집 중...
  ✅ KB금융 | 138,700 (-5.90%) | RSI: 40.6
  📊 KODEX 200 (069500) 수집 중...
  ✅ KODEX 200 | 76,460 (-8.50%) | RSI: 44.8
  📊 KODEX 레버리지 (122630) 수집 중...
  ✅ KODEX 레버리지 | 68,422 (-18.55%) | RSI: 41.2
  📊 LG에너지솔루션 (373220) 수집 중...
  ✅ LG에너지솔루션 | 355,000 (-5.96%) | RSI: 39.3
  📊 NAVER (035420) 수집 중...
  ✅ NAVER | 210,500 (-5.39%) | RSI: 32.1
  📊 SK하이닉스 (000660) 수집 중...
  ✅ SK하이닉스 | 827,000 (-10.50%) | RSI: 44.8
  📊 TIGER 미국S&P500 (360750) 수집 중...
  ✅ TIGER 미국S&P500 | 24,475 (-2.26%) | RSI: 41.4
  📊 삼성SDI (006400) 수집 중...
  ✅ 삼성SDI | 376,000 (-8.40%) | RSI: 48.3
  📊 삼성바이오로직스 (207940) 수집 중...
  ✅ 삼성바이오로직스 | 1,558,000 (-5.23%) | RSI: 36.7
  📊 삼성전자 (005930) 수집 중...
  ✅ 삼성전자 | 170,200 (-9.56%) | RSI: 46.8
  📊 셀트리온 (068270) 수집 중...
  ✅ 셀트리온 | 200,500 (-5.65%) | RSI: 38.2
  📊 에코프로비엠 (247540) 수집 중...
  ✅ 에코프로비엠 | 193,800 (-4.30%) | RSI: 48.1
  📊 카카오 (035720) 수집 중...
  ✅ 카카오 | 49,100 (-8.40%) | RSI: 37.3
  📊 현대모비스 (012330) 수집 중...
  ✅ 현대모비스 | 395,000 (-11.04%) | RSI: 41.6
  📊 현대차 (005380) 수집 중...
  ✅ 현대차 | 500,000 (-9.58%) | RSI: 48.3
  📊 AMD (AMD) 수집 중...
  ✅ AMD | 203.23 (+0.27%) | RSI: 47.3
  📊 JP모건 (JPM) 수집 중...
  ✅ JP모건 | 288.73 (-0.41%) | RSI: 35.3
  📊 S&P 500 ETF (SPY) 수집 중...
  ✅ S&P 500 ETF | 677.18 (-0.16%) | RSI: 43.2
  📊 구글 (GOOGL) 수집 중...
  ✅ 구글 | 307.04 (+0.22%) | RSI: 45.1
  📊 넷플릭스 (NFLX) 수집 중...
  ✅ 넷플릭스 | 96.94 (-1.40%) | RSI: 68.2
  📊 마이크로소프트 (MSFT) 수집 중...
  ✅ 마이크로소프트 | 405.76 (-0.89%) | RSI: 45.3
  📊 메타 (META) 수집 중...
  ✅ 메타 | 654.07 (+1.03%) | RSI: 49.6
  📊 비자 (V) 수집 중...
  ✅ 비자 | 314.43 (-0.49%) | RSI: 40.7
  📊 아마존 (AMZN) 수집 중...
  ✅ 아마존 | 214.33 (+0.39%) | RSI: 48.8
  📊 애플 (AAPL) 수집 중...
  ✅ 애플 | 260.83 (+0.37%) | RSI: 45.3
  📊 엔비디아 (NVDA) 수집 중...
  ✅ 엔비디아 | 184.77 (+1.16%) | RSI: 50.1
  📊 인텔 (INTC) 수집 중...
  ✅ 인텔 | 46.78 (+2.63%) | RSI: 53.0
  📊 코스트코 (COST) 수집 중...
  ✅ 코스트코 | 997.36 (-0.79%) | RSI: 53.8
  📊 테슬라 (TSLA) 수집 중...
  ✅ 테슬라 | 399.235 (+0.14%) | RSI: 42.4
  📊 팔란티어 (PLTR) 수집 중...

==================================================
⏰ [07:01:00] 🇺🇸 미국 쇼츠 전송
==================================================
  ✅ 팔란티어 | 151.14 (-3.38%) | RSI: 53.9

✅ 수집 완료: 30/30개 종목
👥 [2/3] 구독자 조회...
   4명, 총 12건 발송 예정
📝 [3/3] 리포트 생성 + 발송...
   🤖 리포트 생성: S&P 500 ETF (공격)
✅ 미국 쇼츠 전송 완료
   ✅ 1084225137 ← S&P 500 ETF
   🤖 리포트 생성: 구글 (공격)
   ✅ 1084225137 ← 구글
   🤖 리포트 생성: 엔비디아 (공격)
   ✅ 1084225137 ← 엔비디아
   🤖 리포트 생성: S&P 500 ETF (중립)
   ✅ 1756770652 ← S&P 500 ETF
   🤖 리포트 생성: 넷플릭스 (중립)
   ✅ 1756770652 ← 넷플릭스
   🤖 리포트 생성: 테슬라 (중립)
   ✅ 1756770652 ← 테슬라
   ✅ 7923407207 ← 구글
   🤖 리포트 생성: 메타 (공격)
   ✅ 7923407207 ← 메타
   🤖 리포트 생성: 애플 (공격)
   ✅ 7923407207 ← 애플
   🤖 리포트 생성: KODEX 200 (중립)
   ✅ 8684213098 ← KODEX 200
   ✅ 8684213098 ← S&P 500 ETF
   🤖 리포트 생성: 엔비디아 (중립)
   ✅ 8684213098 ← 엔비디아

🎉 발송 완료! 성공: 12건, 실패: 0건
   캐시 히트: 2건, 신규 생성: 10건

🌐 [4/4] 랜딩 프리뷰 리포트 생성...
   🤖 랜딩용: 엔비디아 (안정)
   🤖 랜딩용: 테슬라 (안정)
   🤖 랜딩용: 테슬라 (공격)
   🤖 랜딩용: 삼성전자 (안정)
   🤖 랜딩용: 삼성전자 (중립)
   🤖 랜딩용: 삼성전자 (공격)
   🤖 랜딩용: 애플 (안정)
   🤖 랜딩용: 애플 (중립)
   🤖 랜딩용: SK하이닉스 (안정)
   🤖 랜딩용: SK하이닉스 (중립)

==================================================
⏰ [07:10:00] 랜딩 데이터 생성
==================================================
  ✅ 엔비디아 (안정)
  ✅ 엔비디아 (중립)
  ✅ 엔비디아 (공격)
  ✅ 테슬라 (안정)
  ✅ 테슬라 (중립)
  ✅ 테슬라 (공격)
  ✅ 삼성전자 (안정)
  ✅ 삼성전자 (중립)
  ✅ 삼성전자 (공격)
  ✅ 애플 (안정)
  ✅ 애플 (중립)
  ✅ 애플 (공격)
  ✅ SK하이닉스 (안정)
  ⚠️ 000660 (중립) 리포트 없음
  ⚠️ 000660 (공격) 리포트 없음

📄 landing-data.json 저장 (5개 종목)
[main 9e6f010] data: 랜딩 데이터 갱신 (2026-03-11)
 1 file changed, 73 insertions(+), 73 deletions(-)
   🚀 auto push 완료
   🚀 Vercel 배포 완료
   🤖 랜딩용: SK하이닉스 (공격)
   ✅ 랜딩 리포트: 신규 11건, 캐시 4건

==================================================
⏰ [16:20:00] 🇰🇷 한국 종목 재수집 시작
==================================================
  📊 KB금융 (105560) 수집 중...
  ✅ KB금융 | 155,200 (+5.29%) | RSI: 53.8
  📊 KODEX 200 (069500) 수집 중...
  ✅ KODEX 200 | 85,400 (+3.02%) | RSI: 55.1
  📊 KODEX 레버리지 (122630) 수집 중...
  ✅ KODEX 레버리지 | 86,990 (+5.99%) | RSI: 52.0
  📊 LG에너지솔루션 (373220) 수집 중...
  ✅ LG에너지솔루션 | 374,500 (+2.04%) | RSI: 45.4
  📊 NAVER (035420) 수집 중...
  ✅ NAVER | 227,500 (+3.17%) | RSI: 42.6
  📊 SK하이닉스 (000660) 수집 중...
  ✅ SK하이닉스 | 967,000 (+3.09%) | RSI: 55.3
  📊 TIGER 미국S&P500 (360750) 수집 중...
  ✅ TIGER 미국S&P500 | 24,800 (+0.20%) | RSI: 49.3
  📊 삼성SDI (006400) 수집 중...
  ✅ 삼성SDI | 415,000 (+2.85%) | RSI: 54.7
  📊 삼성바이오로직스 (207940) 수집 중...
  ✅ 삼성바이오로직스 | 1,657,000 (+4.08%) | RSI: 46.7
  📊 삼성전자 (005930) 수집 중...
  ✅ 삼성전자 | 192,500 (+2.45%) | RSI: 55.9
  📊 셀트리온 (068270) 수집 중...
  ✅ 셀트리온 | 211,000 (+2.43%) | RSI: 44.9
  📊 에코프로비엠 (247540) 수집 중...
  ✅ 에코프로비엠 | 205,750 (+1.35%) | RSI: 52.3
  📊 카카오 (035720) 수집 중...
  ✅ 카카오 | 52,300 (+0.97%) | RSI: 43.4
  📊 현대모비스 (012330) 수집 중...
  ✅ 현대모비스 | 433,500 (+2.48%) | RSI: 48.8
  📊 현대차 (005380) 수집 중...
  ✅ 현대차 | 541,000 (+3.05%) | RSI: 53.2
✅ 한국 종목 재수집 완료: 15/15개

==================================================
⏰ [16:30:00] 🇰🇷 한국 쇼츠 생성 시작
==================================================
✅ 한국 쇼츠 완료: /Users/yunjae/stockread/backend/data/shorts/short_2026-03-11_kr.mp4

==================================================
⏰ [17:00:00] 🇰🇷 한국 쇼츠 전송
==================================================
✅ 한국 쇼츠 전송 완료
👋 봇 + 스케줄러 종료
✅ DB initialized

📅 스케줄 등록 완료:
  • 매일 데이터 수집 → cron[hour='6', minute='0']
  • 🇺🇸 미국 쇼츠 생성 → cron[hour='6', minute='30']
  • 매일 리포트 발송 → cron[hour='7', minute='0']
  • 🇺🇸 미국 쇼츠 전송 → cron[hour='7', minute='1']
  • 랜딩 데이터 갱신 → cron[hour='7', minute='10']
  • 🇰🇷 한국 종목 재수집 → cron[hour='16', minute='20']
  • 🇰🇷 한국 쇼츠 생성 → cron[hour='16', minute='30']
  • 🇰🇷 한국 쇼츠 전송 → cron[hour='17', minute='0']

🤖 주읽이 봇 + 스케줄러 실행 중!
   봇: 텔레그램 폴링
   스케줄: 06:00 수집 / 07:00 발송 (KST)


==================================================
⏰ [06:00:00] 데이터 수집 시작
==================================================
🔄 30개 종목 데이터 수집 시작

  📊 KB금융 (105560) 수집 중...
  ✅ KB금융 | 155,200 (+5.29%) | RSI: 53.8
  📊 KODEX 200 (069500) 수집 중...
  ✅ KODEX 200 | 85,400 (+3.02%) | RSI: 55.1
  📊 KODEX 레버리지 (122630) 수집 중...
  ✅ KODEX 레버리지 | 86,990 (+5.99%) | RSI: 52.0
  📊 LG에너지솔루션 (373220) 수집 중...
  ✅ LG에너지솔루션 | 374,500 (+2.04%) | RSI: 45.4
  📊 NAVER (035420) 수집 중...
  ✅ NAVER | 227,500 (+3.17%) | RSI: 42.6
  📊 SK하이닉스 (000660) 수집 중...
  ✅ SK하이닉스 | 967,000 (+3.09%) | RSI: 55.3
  📊 TIGER 미국S&P500 (360750) 수집 중...
  ✅ TIGER 미국S&P500 | 24,800 (+0.20%) | RSI: 49.3
  📊 삼성SDI (006400) 수집 중...
  ✅ 삼성SDI | 415,000 (+2.85%) | RSI: 54.7
  📊 삼성바이오로직스 (207940) 수집 중...
  ✅ 삼성바이오로직스 | 1,657,000 (+4.08%) | RSI: 46.7
  📊 삼성전자 (005930) 수집 중...
  ✅ 삼성전자 | 192,500 (+2.45%) | RSI: 55.9
  📊 셀트리온 (068270) 수집 중...
  ✅ 셀트리온 | 211,000 (+2.43%) | RSI: 44.9
  📊 에코프로비엠 (247540) 수집 중...
  ✅ 에코프로비엠 | 205,750 (+1.35%) | RSI: 52.3
  📊 카카오 (035720) 수집 중...
  ✅ 카카오 | 52,300 (+0.97%) | RSI: 43.4
  📊 현대모비스 (012330) 수집 중...
  ✅ 현대모비스 | 433,500 (+2.48%) | RSI: 48.8
  📊 현대차 (005380) 수집 중...
  ✅ 현대차 | 541,000 (+3.05%) | RSI: 53.2
  📊 AMD (AMD) 수집 중...
  ✅ AMD | 204.3 (+0.53%) | RSI: 48.5
  📊 JP모건 (JPM) 수집 중...
  ✅ JP모건 | 287.49 (-0.43%) | RSI: 34.3
  📊 S&P 500 ETF (SPY) 수집 중...
  ✅ S&P 500 ETF | 675.3247 (-0.27%) | RSI: 42.6
  📊 구글 (GOOGL) 수집 중...
  ✅ 구글 | 308 (+0.31%) | RSI: 47.1
  📊 넷플릭스 (NFLX) 수집 중...
  ✅ 넷플릭스 | 94.61 (-2.40%) | RSI: 62.2
  📊 마이크로소프트 (MSFT) 수집 중...
  ✅ 마이크로소프트 | 404.45 (-0.32%) | RSI: 44.7
  📊 메타 (META) 수집 중...
  ✅ 메타 | 653.2209 (-0.13%) | RSI: 50.0
  📊 비자 (V) 수집 중...
  ✅ 비자 | 308.7 (-1.82%) | RSI: 35.4
  📊 아마존 (AMZN) 수집 중...
  ✅ 아마존 | 212.41 (-0.90%) | RSI: 46.9
  📊 애플 (AAPL) 수집 중...
  ✅ 애플 | 260.54 (-0.11%) | RSI: 45.3
  📊 엔비디아 (NVDA) 수집 중...
  ✅ 엔비디아 | 185.51 (+0.40%) | RSI: 51.5
  📊 인텔 (INTC) 수집 중...
  ✅ 인텔 | 47.96 (+2.52%) | RSI: 56.0
  📊 코스트코 (COST) 수집 중...
  ✅ 코스트코 | 991.5 (-0.59%) | RSI: 51.8
  📊 테슬라 (TSLA) 수집 중...
  ✅ 테슬라 | 407.52 (+2.07%) | RSI: 47.9
  📊 팔란티어 (PLTR) 수집 중...
  ✅ 팔란티어 | 151.4 (+0.17%) | RSI: 54.4

✅ 수집 완료: 30/30개 종목
✅ 수집 완료: 30개 종목

==================================================
⏰ [06:30:00] 🇺🇸 미국 쇼츠 생성 시작
==================================================
✅ 미국 쇼츠 완료: /Users/yunjae/stockread/backend/data/shorts/short_2026-03-12_us.mp4

==================================================
⏰ [07:00:00] 리포트 생성 + 발송 시작
==================================================
📊 [1/3] 데이터 수집 시작...
🔄 30개 종목 데이터 수집 시작

  📊 KB금융 (105560) 수집 중...
  ✅ KB금융 | 155,200 (+5.29%) | RSI: 53.8
  📊 KODEX 200 (069500) 수집 중...
  ✅ KODEX 200 | 85,400 (+3.02%) | RSI: 55.1
  📊 KODEX 레버리지 (122630) 수집 중...
  ✅ KODEX 레버리지 | 86,990 (+5.99%) | RSI: 52.0
  📊 LG에너지솔루션 (373220) 수집 중...
  ✅ LG에너지솔루션 | 374,500 (+2.04%) | RSI: 45.4
  📊 NAVER (035420) 수집 중...
  ✅ NAVER | 227,500 (+3.17%) | RSI: 42.6
  📊 SK하이닉스 (000660) 수집 중...
  ✅ SK하이닉스 | 967,000 (+3.09%) | RSI: 55.3
  📊 TIGER 미국S&P500 (360750) 수집 중...
  ✅ TIGER 미국S&P500 | 24,800 (+0.20%) | RSI: 49.3
  📊 삼성SDI (006400) 수집 중...
  ✅ 삼성SDI | 415,000 (+2.85%) | RSI: 54.7
  📊 삼성바이오로직스 (207940) 수집 중...
  ✅ 삼성바이오로직스 | 1,657,000 (+4.08%) | RSI: 46.7
  📊 삼성전자 (005930) 수집 중...
  ✅ 삼성전자 | 192,500 (+2.45%) | RSI: 55.9
  📊 셀트리온 (068270) 수집 중...
  ✅ 셀트리온 | 211,000 (+2.43%) | RSI: 44.9
  📊 에코프로비엠 (247540) 수집 중...
  ✅ 에코프로비엠 | 205,750 (+1.35%) | RSI: 52.3
  📊 카카오 (035720) 수집 중...
  ✅ 카카오 | 52,300 (+0.97%) | RSI: 43.4
  📊 현대모비스 (012330) 수집 중...
  ✅ 현대모비스 | 433,500 (+2.48%) | RSI: 48.8
  📊 현대차 (005380) 수집 중...
  ✅ 현대차 | 541,000 (+3.05%) | RSI: 53.2
  📊 AMD (AMD) 수집 중...
  ✅ AMD | 204.36 (+0.56%) | RSI: 48.5
  📊 JP모건 (JPM) 수집 중...
  ✅ JP모건 | 287 (-0.60%) | RSI: 34.3
  📊 S&P 500 ETF (SPY) 수집 중...
  ✅ S&P 500 ETF | 674.9925 (-0.32%) | RSI: 42.6
  📊 구글 (GOOGL) 수집 중...
  ✅ 구글 | 307.92 (+0.29%) | RSI: 47.1
  📊 넷플릭스 (NFLX) 수집 중...
  ✅ 넷플릭스 | 94.6092 (-2.40%) | RSI: 62.3
  📊 마이크로소프트 (MSFT) 수집 중...
  ✅ 마이크로소프트 | 404.1 (-0.41%) | RSI: 44.7
  📊 메타 (META) 수집 중...
  ✅ 메타 | 653.4 (-0.10%) | RSI: 50.0
  📊 비자 (V) 수집 중...
  ✅ 비자 | 308.54 (-1.87%) | RSI: 35.4
  📊 아마존 (AMZN) 수집 중...
  ✅ 아마존 | 212.4247 (-0.89%) | RSI: 46.9
  📊 애플 (AAPL) 수집 중...
  ✅ 애플 | 260.23 (-0.23%) | RSI: 45.3
  📊 엔비디아 (NVDA) 수집 중...
  ✅ 엔비디아 | 185.59 (+0.44%) | RSI: 51.5
  📊 인텔 (INTC) 수집 중...
  ✅ 인텔 | 47.94 (+2.48%) | RSI: 56.0
  📊 코스트코 (COST) 수집 중...
  ✅ 코스트코 | 991 (-0.64%) | RSI: 51.8
  📊 테슬라 (TSLA) 수집 중...
  ✅ 테슬라 | 407.35 (+2.03%) | RSI: 47.9
  📊 팔란티어 (PLTR) 수집 중...

==================================================
⏰ [07:01:00] 🇺🇸 미국 쇼츠 전송
==================================================
  ✅ 팔란티어 | 150.99 (-0.10%) | RSI: 54.4

✅ 수집 완료: 30/30개 종목
👥 [2/3] 구독자 조회...
   4명, 총 12건 발송 예정
📝 [3/3] 리포트 생성 + 발송...
   🤖 리포트 생성: S&P 500 ETF (공격)
✅ 미국 쇼츠 전송 완료
   ✅ 1084225137 ← S&P 500 ETF
   🤖 리포트 생성: 구글 (공격)
   ✅ 1084225137 ← 구글
   🤖 리포트 생성: 엔비디아 (공격)
   ✅ 1084225137 ← 엔비디아
   🤖 리포트 생성: S&P 500 ETF (중립)
   ✅ 1756770652 ← S&P 500 ETF
   🤖 리포트 생성: 넷플릭스 (중립)
   ✅ 1756770652 ← 넷플릭스
   🤖 리포트 생성: 테슬라 (중립)
   ✅ 1756770652 ← 테슬라
   ✅ 7923407207 ← 구글
   🤖 리포트 생성: 메타 (공격)
   ✅ 7923407207 ← 메타
   🤖 리포트 생성: 애플 (공격)
   ✅ 7923407207 ← 애플
   🤖 리포트 생성: KODEX 200 (중립)
   ✅ 8684213098 ← KODEX 200
   ✅ 8684213098 ← S&P 500 ETF
   🤖 리포트 생성: 엔비디아 (중립)
   ✅ 8684213098 ← 엔비디아

🎉 발송 완료! 성공: 12건, 실패: 0건
   캐시 히트: 2건, 신규 생성: 10건

🌐 [4/4] 랜딩 프리뷰 리포트 생성...
   🤖 랜딩용: 엔비디아 (안정)
   🤖 랜딩용: 테슬라 (안정)
   🤖 랜딩용: 테슬라 (공격)
   🤖 랜딩용: 삼성전자 (안정)
   🤖 랜딩용: 삼성전자 (중립)
   🤖 랜딩용: 삼성전자 (공격)
   🤖 랜딩용: 애플 (안정)
   🤖 랜딩용: 애플 (중립)
   🤖 랜딩용: SK하이닉스 (안정)
   🤖 랜딩용: SK하이닉스 (중립)
   🤖 랜딩용: SK하이닉스 (공격)
   ✅ 랜딩 리포트: 신규 11건, 캐시 4건

==================================================
⏰ [07:10:00] 랜딩 데이터 생성
==================================================
  ✅ 엔비디아 (안정)
  ✅ 엔비디아 (중립)
  ✅ 엔비디아 (공격)
  ✅ 테슬라 (안정)
  ✅ 테슬라 (중립)
  ✅ 테슬라 (공격)
  ✅ 삼성전자 (안정)
  ✅ 삼성전자 (중립)
  ✅ 삼성전자 (공격)
  ✅ 애플 (안정)
  ✅ 애플 (중립)
  ✅ 애플 (공격)
  ✅ SK하이닉스 (안정)
  ✅ SK하이닉스 (중립)
  ✅ SK하이닉스 (공격)

📄 landing-data.json 저장 (5개 종목)
[main 2eef6b3] data: 랜딩 데이터 갱신 (2026-03-12)
 1 file changed, 74 insertions(+), 74 deletions(-)
   🚀 auto push 완료
   🚀 Vercel 배포 완료

==================================================
⏰ [16:20:00] 🇰🇷 한국 종목 재수집 시작
==================================================
  📊 KB금융 (105560) 수집 중...
  ✅ KB금융 | 155,200 (+5.29%) | RSI: 53.8
  📊 KODEX 200 (069500) 수집 중...
  ✅ KODEX 200 | 85,400 (+3.02%) | RSI: 55.1
  📊 KODEX 레버리지 (122630) 수집 중...
  ✅ KODEX 레버리지 | 86,990 (+5.99%) | RSI: 52.0
  📊 LG에너지솔루션 (373220) 수집 중...
  ✅ LG에너지솔루션 | 374,500 (+2.04%) | RSI: 45.4
  📊 NAVER (035420) 수집 중...
  ✅ NAVER | 227,500 (+3.17%) | RSI: 42.6
  📊 SK하이닉스 (000660) 수집 중...
  ✅ SK하이닉스 | 967,000 (+3.09%) | RSI: 55.3
  📊 TIGER 미국S&P500 (360750) 수집 중...
  ✅ TIGER 미국S&P500 | 24,800 (+0.20%) | RSI: 49.3
  📊 삼성SDI (006400) 수집 중...
  ✅ 삼성SDI | 415,000 (+2.85%) | RSI: 54.7
  📊 삼성바이오로직스 (207940) 수집 중...
  ✅ 삼성바이오로직스 | 1,657,000 (+4.08%) | RSI: 46.7
  📊 삼성전자 (005930) 수집 중...
  ✅ 삼성전자 | 192,500 (+2.45%) | RSI: 55.9
  📊 셀트리온 (068270) 수집 중...
  ✅ 셀트리온 | 211,000 (+2.43%) | RSI: 44.9
  📊 에코프로비엠 (247540) 수집 중...
  ✅ 에코프로비엠 | 205,750 (+1.35%) | RSI: 52.3
  📊 카카오 (035720) 수집 중...
  ✅ 카카오 | 52,300 (+0.97%) | RSI: 43.4
  📊 현대모비스 (012330) 수집 중...
  ✅ 현대모비스 | 433,500 (+2.48%) | RSI: 48.8
  📊 현대차 (005380) 수집 중...
  ✅ 현대차 | 541,000 (+3.05%) | RSI: 53.2
✅ 한국 종목 재수집 완료: 15/15개

==================================================
⏰ [16:30:00] 🇰🇷 한국 쇼츠 생성 시작
==================================================
✅ 한국 쇼츠 완료: /Users/yunjae/stockread/backend/data/shorts/short_2026-03-12_kr.mp4

==================================================
⏰ [17:00:00] 🇰🇷 한국 쇼츠 전송
==================================================
❌ 한국 쇼츠 전송 실패: Timed out
